<?xml version="1.0" encoding="UTF-8"?>
<testng-results ignored="0" total="1" passed="1" failed="0" skipped="0">
  <reporter-output>
  </reporter-output>
  <suite started-at="2025-06-18T11:17:54 IST" name="Default suite" finished-at="2025-06-18T11:18:00 IST" duration-ms="5646">
    <groups>
    </groups>
    <test started-at="2025-06-18T11:17:54 IST" name="Default test" finished-at="2025-06-18T11:18:00 IST" duration-ms="5646">
      <class name="tests.GoogleTest">
        <test-method is-config="true" signature="setupReport()[pri:0, instance:tests.GoogleTest@1b11171f]" started-at="2025-06-18T11:17:54 IST" name="setupReport" finished-at="2025-06-18T11:17:54 IST" duration-ms="364" status="PASS">
          <reporter-output>
          </reporter-output>
        </test-method> <!-- setupReport -->
        <test-method is-config="true" signature="setup()[pri:0, instance:tests.GoogleTest@1b11171f]" started-at="2025-06-18T11:17:54 IST" name="setup" finished-at="2025-06-18T11:17:59 IST" duration-ms="4398" status="PASS">
          <reporter-output>
          </reporter-output>
        </test-method> <!-- setup -->
        <test-method signature="verifyGoogleTitle()[pri:0, instance:tests.GoogleTest@1b11171f]" started-at="2025-06-18T11:17:59 IST" name="verifyGoogleTitle" finished-at="2025-06-18T11:17:59 IST" duration-ms="851" status="PASS">
          <reporter-output>
          </reporter-output>
        </test-method> <!-- verifyGoogleTitle -->
        <test-method is-config="true" signature="tearDown()[pri:0, instance:tests.GoogleTest@1b11171f]" started-at="2025-06-18T11:17:59 IST" name="tearDown" finished-at="2025-06-18T11:18:00 IST" duration-ms="335" status="PASS">
          <reporter-output>
          </reporter-output>
        </test-method> <!-- tearDown -->
        <test-method is-config="true" signature="flushReport()[pri:0, instance:tests.GoogleTest@1b11171f]" started-at="2025-06-18T11:18:00 IST" name="flushReport" finished-at="2025-06-18T11:18:00 IST" duration-ms="347" status="PASS">
          <reporter-output>
          </reporter-output>
        </test-method> <!-- flushReport -->
      </class> <!-- tests.GoogleTest -->
    </test> <!-- Default test -->
  </suite> <!-- Default suite -->
</testng-results>
